# JRE version: OpenJDK Runtime Environment Temurin-21.0.6+7 (21.0.6+7) (build 21.0.6+7-LTS)
# Java VM: OpenJDK 64-Bit Server VM Temurin-21.0.6+7 (21.0.6+7-LTS, mixed mode, sharing, tiered, compressed oops, compressed class ptrs, parallel gc, linux-amd64)
GC Precious Log:
 CardTable entry size: 512
 CPUs: 8 total, 8 available
 Memory: 15605M
 Large Page Support: Disabled
 NUMA Support: Disabled
 Compressed Oops: Enabled (32-bit)
 Alignments: Space 512K, Generation 512K, Heap 2M
 Heap Min Capacity: 100M
 Heap Initial Capacity: 100M
 Heap Max Capacity: 1G
 Pre-touch: Disabled
 Parallel Workers: 8
Heap:
 PSYoungGen      total 4096K, used 3648K [0x00000000eab00000, 0x00000000eb580000, 0x0000000100000000)
  eden space 2048K, 100% used [0x00000000eab00000,0x00000000ead00000,0x00000000ead00000)
  from space 2048K, 78% used [0x00000000ead00000,0x00000000eae90000,0x00000000eaf00000)
  to   space 4096K, 0% used [0x00000000eb180000,0x00000000eb180000,0x00000000eb580000)
 ParOldGen       total 497152K, used 496681K [0x00000000c0000000, 0x00000000de580000, 0x00000000eab00000)
  object space 497152K, 99% used [0x00000000c0000000,0x00000000de50a430,0x00000000de580000)
 Metaspace       used 65947K, committed 67264K, reserved 1114112K
  class space    used 6890K, committed 7488K, reserved 1048576K
GC Heap History (20 events):
Event: 12.762 GC heap after
{Heap after GC invocations=414 (full 3):
 PSYoungGen      total 3584K, used 1536K [0x00000000eab00000, 0x00000000eb180000, 0x0000000100000000)
  eden space 2048K, 0% used [0x00000000eab00000,0x00000000eab00000,0x00000000ead00000)
  from space 1536K, 100% used [0x00000000ead00000,0x00000000eae80000,0x00000000eae80000)
  to   space 2048K, 0% used [0x00000000eaf80000,0x00000000eaf80000,0x00000000eb180000)
 ParOldGen       total 472064K, used 471611K [0x00000000c0000000, 0x00000000dcd00000, 0x00000000eab00000)
  object space 472064K, 99% used [0x00000000c0000000,0x00000000dcc8ee70,0x00000000dcd00000)
 Metaspace       used 65855K, committed 67264K, reserved 1114112K
  class space    used 6880K, committed 7488K, reserved 1048576K
}
Event: 12.771 GC heap before
{Heap before GC invocations=415 (full 3):
 PSYoungGen      total 3584K, used 3584K [0x00000000eab00000, 0x00000000eb180000, 0x0000000100000000)
  eden space 2048K, 100% used [0x00000000eab00000,0x00000000ead00000,0x00000000ead00000)
  from space 1536K, 100% used [0x00000000ead00000,0x00000000eae80000,0x00000000eae80000)
  to   space 2048K, 0% used [0x00000000eaf80000,0x00000000eaf80000,0x00000000eb180000)
 ParOldGen       total 472064K, used 471611K [0x00000000c0000000, 0x00000000dcd00000, 0x00000000eab00000)
  object space 472064K, 99% used [0x00000000c0000000,0x00000000dcc8ee70,0x00000000dcd00000)
 Metaspace       used 65855K, committed 67264K, reserved 1114112K
  class space    used 6880K, committed 7488K, reserved 1048576K
}
Event: 12.776 GC heap after
{Heap after GC invocations=415 (full 3):
 PSYoungGen      total 4608K, used 1600K [0x00000000eab00000, 0x00000000eb180000, 0x0000000100000000)
  eden space 2560K, 0% used [0x00000000eab00000,0x00000000eab00000,0x00000000ead80000)
  from space 2048K, 78% used [0x00000000eaf80000,0x00000000eb110000,0x00000000eb180000)
  to   space 2048K, 0% used [0x00000000ead80000,0x00000000ead80000,0x00000000eaf80000)
 ParOldGen       total 473088K, used 473059K [0x00000000c0000000, 0x00000000dce00000, 0x00000000eab00000)
  object space 473088K, 99% used [0x00000000c0000000,0x00000000dcdf8e70,0x00000000dce00000)
 Metaspace       used 65855K, committed 67264K, reserved 1114112K
  class space    used 6880K, committed 7488K, reserved 1048576K
}
Event: 12.787 GC heap before
{Heap before GC invocations=416 (full 3):
 PSYoungGen      total 4608K, used 4160K [0x00000000eab00000, 0x00000000eb180000, 0x0000000100000000)
  eden space 2560K, 100% used [0x00000000eab00000,0x00000000ead80000,0x00000000ead80000)
  from space 2048K, 78% used [0x00000000eaf80000,0x00000000eb110000,0x00000000eb180000)
  to   space 2048K, 0% used [0x00000000ead80000,0x00000000ead80000,0x00000000eaf80000)
 ParOldGen       total 473088K, used 473059K [0x00000000c0000000, 0x00000000dce00000, 0x00000000eab00000)
  object space 473088K, 99% used [0x00000000c0000000,0x00000000dcdf8e70,0x00000000dce00000)
 Metaspace       used 65855K, committed 67264K, reserved 1114112K
  class space    used 6880K, committed 7488K, reserved 1048576K
}
Event: 12.808 GC heap after
{Heap after GC invocations=416 (full 3):
 PSYoungGen      total 4608K, used 1984K [0x00000000eab00000, 0x00000000eb300000, 0x0000000100000000)
  eden space 2560K, 0% used [0x00000000eab00000,0x00000000eab00000,0x00000000ead80000)
  from space 2048K, 96% used [0x00000000ead80000,0x00000000eaf70000,0x00000000eaf80000)
  to   space 2560K, 0% used [0x00000000eb080000,0x00000000eb080000,0x00000000eb300000)
 ParOldGen       total 475136K, used 474635K [0x00000000c0000000, 0x00000000dd000000, 0x00000000eab00000)
  object space 475136K, 99% used [0x00000000c0000000,0x00000000dcf82e70,0x00000000dd000000)
 Metaspace       used 65855K, committed 67264K, reserved 1114112K
  class space    used 6880K, committed 7488K, reserved 1048576K
}
Event: 12.817 GC heap before
{Heap before GC invocations=417 (full 3):
 PSYoungGen      total 4608K, used 4544K [0x00000000eab00000, 0x00000000eb300000, 0x0000000100000000)
  eden space 2560K, 100% used [0x00000000eab00000,0x00000000ead80000,0x00000000ead80000)
  from space 2048K, 96% used [0x00000000ead80000,0x00000000eaf70000,0x00000000eaf80000)
  to   space 2560K, 0% used [0x00000000eb080000,0x00000000eb080000,0x00000000eb300000)
 ParOldGen       total 475136K, used 474635K [0x00000000c0000000, 0x00000000dd000000, 0x00000000eab00000)
  object space 475136K, 99% used [0x00000000c0000000,0x00000000dcf82e70,0x00000000dd000000)
 Metaspace       used 65855K, committed 67264K, reserved 1114112K
  class space    used 6880K, committed 7488K, reserved 1048576K
}
Event: 12.827 GC heap after
{Heap after GC invocations=417 (full 3):
 PSYoungGen      total 5632K, used 2048K [0x00000000eab00000, 0x00000000eb300000, 0x0000000100000000)
  eden space 3072K, 0% used [0x00000000eab00000,0x00000000eab00000,0x00000000eae00000)
  from space 2560K, 80% used [0x00000000eb080000,0x00000000eb280000,0x00000000eb300000)
  to   space 2560K, 0% used [0x00000000eae00000,0x00000000eae00000,0x00000000eb080000)
 ParOldGen       total 476672K, used 476603K [0x00000000c0000000, 0x00000000dd180000, 0x00000000eab00000)
  object space 476672K, 99% used [0x00000000c0000000,0x00000000dd16ee70,0x00000000dd180000)
 Metaspace       used 65855K, committed 67264K, reserved 1114112K
  class space    used 6880K, committed 7488K, reserved 1048576K
}
Event: 12.836 GC heap before
{Heap before GC invocations=418 (full 3):
 PSYoungGen      total 5632K, used 5120K [0x00000000eab00000, 0x00000000eb300000, 0x0000000100000000)
  eden space 3072K, 100% used [0x00000000eab00000,0x00000000eae00000,0x00000000eae00000)
  from space 2560K, 80% used [0x00000000eb080000,0x00000000eb280000,0x00000000eb300000)
  to   space 2560K, 0% used [0x00000000eae00000,0x00000000eae00000,0x00000000eb080000)
 ParOldGen       total 476672K, used 476603K [0x00000000c0000000, 0x00000000dd180000, 0x00000000eab00000)
  object space 476672K, 99% used [0x00000000c0000000,0x00000000dd16ee70,0x00000000dd180000)
 Metaspace       used 65889K, committed 67264K, reserved 1114112K
  class space    used 6885K, committed 7488K, reserved 1048576K
}
Event: 12.840 GC heap after
{Heap after GC invocations=418 (full 3):
 PSYoungGen      total 5632K, used 2464K [0x00000000eab00000, 0x00000000eb400000, 0x0000000100000000)
  eden space 3072K, 0% used [0x00000000eab00000,0x00000000eab00000,0x00000000eae00000)
  from space 2560K, 96% used [0x00000000eae00000,0x00000000eb068000,0x00000000eb080000)
  to   space 2560K, 0% used [0x00000000eb180000,0x00000000eb180000,0x00000000eb400000)
 ParOldGen       total 478720K, used 478627K [0x00000000c0000000, 0x00000000dd380000, 0x00000000eab00000)
  object space 478720K, 99% used [0x00000000c0000000,0x00000000dd368e70,0x00000000dd380000)
 Metaspace       used 65889K, committed 67264K, reserved 1114112K
  class space    used 6885K, committed 7488K, reserved 1048576K
}
Event: 12.848 GC heap before
{Heap before GC invocations=419 (full 3):
 PSYoungGen      total 5632K, used 5536K [0x00000000eab00000, 0x00000000eb400000, 0x0000000100000000)
  eden space 3072K, 100% used [0x00000000eab00000,0x00000000eae00000,0x00000000eae00000)
  from space 2560K, 96% used [0x00000000eae00000,0x00000000eb068000,0x00000000eb080000)
  to   space 2560K, 0% used [0x00000000eb180000,0x00000000eb180000,0x00000000eb400000)
 ParOldGen       total 478720K, used 478627K [0x00000000c0000000, 0x00000000dd380000, 0x00000000eab00000)
  object space 478720K, 99% used [0x00000000c0000000,0x00000000dd368e70,0x00000000dd380000)
 Metaspace       used 65919K, committed 67264K, reserved 1114112K
  class space    used 6890K, committed 7488K, reserved 1048576K
}
Event: 12.853 GC heap after
{Heap after GC invocations=419 (full 3):
 PSYoungGen      total 6656K, used 2304K [0x00000000eab00000, 0x00000000eb400000, 0x0000000100000000)
  eden space 4096K, 0% used [0x00000000eab00000,0x00000000eab00000,0x00000000eaf00000)
  from space 2560K, 90% used [0x00000000eb180000,0x00000000eb3c0000,0x00000000eb400000)
  to   space 2560K, 0% used [0x00000000eaf00000,0x00000000eaf00000,0x00000000eb180000)
 ParOldGen       total 481280K, used 481011K [0x00000000c0000000, 0x00000000dd600000, 0x00000000eab00000)
  object space 481280K, 99% used [0x00000000c0000000,0x00000000dd5bce70,0x00000000dd600000)
 Metaspace       used 65919K, committed 67264K, reserved 1114112K
  class space    used 6890K, committed 7488K, reserved 1048576K
}
Event: 12.861 GC heap before
{Heap before GC invocations=420 (full 3):
 PSYoungGen      total 6656K, used 6400K [0x00000000eab00000, 0x00000000eb400000, 0x0000000100000000)
  eden space 4096K, 100% used [0x00000000eab00000,0x00000000eaf00000,0x00000000eaf00000)
  from space 2560K, 90% used [0x00000000eb180000,0x00000000eb3c0000,0x00000000eb400000)
  to   space 2560K, 0% used [0x00000000eaf00000,0x00000000eaf00000,0x00000000eb180000)
 ParOldGen       total 481280K, used 481011K [0x00000000c0000000, 0x00000000dd600000, 0x00000000eab00000)
  object space 481280K, 99% used [0x00000000c0000000,0x00000000dd5bce70,0x00000000dd600000)
 Metaspace       used 65919K, committed 67264K, reserved 1114112K
  class space    used 6890K, committed 7488K, reserved 1048576K
}
Event: 12.866 GC heap after
{Heap after GC invocations=420 (full 3):
 PSYoungGen      total 6656K, used 2528K [0x00000000eab00000, 0x00000000ebc00000, 0x0000000100000000)
  eden space 4096K, 0% used [0x00000000eab00000,0x00000000eab00000,0x00000000eaf00000)
  from space 2560K, 98% used [0x00000000eaf00000,0x00000000eb178250,0x00000000eb180000)
  to   space 6144K, 0% used [0x00000000eb600000,0x00000000eb600000,0x00000000ebc00000)
 ParOldGen       total 483840K, used 483827K [0x00000000c0000000, 0x00000000dd880000, 0x00000000eab00000)
  object space 483840K, 99% used [0x00000000c0000000,0x00000000dd87ce80,0x00000000dd880000)
 Metaspace       used 65919K, committed 67264K, reserved 1114112K
  class space    used 6890K, committed 7488K, reserved 1048576K
}
Event: 12.875 GC heap before
{Heap before GC invocations=421 (full 3):
 PSYoungGen      total 6656K, used 6624K [0x00000000eab00000, 0x00000000ebc00000, 0x0000000100000000)
  eden space 4096K, 100% used [0x00000000eab00000,0x00000000eaf00000,0x00000000eaf00000)
  from space 2560K, 98% used [0x00000000eaf00000,0x00000000eb178250,0x00000000eb180000)
  to   space 6144K, 0% used [0x00000000eb600000,0x00000000eb600000,0x00000000ebc00000)
 ParOldGen       total 483840K, used 483827K [0x00000000c0000000, 0x00000000dd880000, 0x00000000eab00000)
  object space 483840K, 99% used [0x00000000c0000000,0x00000000dd87ce80,0x00000000dd880000)
 Metaspace       used 65923K, committed 67264K, reserved 1114112K
  class space    used 6890K, committed 7488K, reserved 1048576K
}
Event: 12.881 GC heap after
{Heap after GC invocations=421 (full 3):
 PSYoungGen      total 8704K, used 3168K [0x00000000eab00000, 0x00000000eb980000, 0x0000000100000000)
  eden space 5120K, 0% used [0x00000000eab00000,0x00000000eab00000,0x00000000eb000000)
  from space 3584K, 88% used [0x00000000eb600000,0x00000000eb918000,0x00000000eb980000)
  to   space 4096K, 0% used [0x00000000eb180000,0x00000000eb180000,0x00000000eb580000)
 ParOldGen       total 486400K, used 486348K [0x00000000c0000000, 0x00000000ddb00000, 0x00000000eab00000)
  object space 486400K, 99% used [0x00000000c0000000,0x00000000ddaf30d0,0x00000000ddb00000)
 Metaspace       used 65923K, committed 67264K, reserved 1114112K
  class space    used 6890K, committed 7488K, reserved 1048576K
}
Event: 12.895 GC heap before
{Heap before GC invocations=422 (full 3):
 PSYoungGen      total 8704K, used 8288K [0x00000000eab00000, 0x00000000eb980000, 0x0000000100000000)
  eden space 5120K, 100% used [0x00000000eab00000,0x00000000eb000000,0x00000000eb000000)
  from space 3584K, 88% used [0x00000000eb600000,0x00000000eb918000,0x00000000eb980000)
  to   space 4096K, 0% used [0x00000000eb180000,0x00000000eb180000,0x00000000eb580000)
 ParOldGen       total 486400K, used 486348K [0x00000000c0000000, 0x00000000ddb00000, 0x00000000eab00000)
  object space 486400K, 99% used [0x00000000c0000000,0x00000000ddaf30d0,0x00000000ddb00000)
 Metaspace       used 65924K, committed 67264K, reserved 1114112K
  class space    used 6890K, committed 7488K, reserved 1048576K
}
Event: 12.901 GC heap after
{Heap after GC invocations=422 (full 3):
 PSYoungGen      total 9728K, used 3408K [0x00000000eab00000, 0x00000000eb800000, 0x0000000100000000)
  eden space 6144K, 0% used [0x00000000eab00000,0x00000000eab00000,0x00000000eb100000)
  from space 3584K, 95% used [0x00000000eb180000,0x00000000eb4d4010,0x00000000eb500000)
  to   space 3072K, 0% used [0x00000000eb500000,0x00000000eb500000,0x00000000eb800000)
 ParOldGen       total 489472K, used 489408K [0x00000000c0000000, 0x00000000dde00000, 0x00000000eab00000)
  object space 489472K, 99% used [0x00000000c0000000,0x00000000dddf0180,0x00000000dde00000)
 Metaspace       used 65924K, committed 67264K, reserved 1114112K
  class space    used 6890K, committed 7488K, reserved 1048576K
}
Event: 12.916 GC heap before
{Heap before GC invocations=423 (full 3):
 PSYoungGen      total 9728K, used 9552K [0x00000000eab00000, 0x00000000eb800000, 0x0000000100000000)
  eden space 6144K, 100% used [0x00000000eab00000,0x00000000eb100000,0x00000000eb100000)
  from space 3584K, 95% used [0x00000000eb180000,0x00000000eb4d4010,0x00000000eb500000)
  to   space 3072K, 0% used [0x00000000eb500000,0x00000000eb500000,0x00000000eb800000)
 ParOldGen       total 489472K, used 489408K [0x00000000c0000000, 0x00000000dde00000, 0x00000000eab00000)
  object space 489472K, 99% used [0x00000000c0000000,0x00000000dddf0180,0x00000000dde00000)
 Metaspace       used 65947K, committed 67264K, reserved 1114112K
  class space    used 6890K, committed 7488K, reserved 1048576K
}
Event: 12.922 GC heap after
{Heap after GC invocations=423 (full 3):
 PSYoungGen      total 5120K, used 3056K [0x00000000eab00000, 0x00000000ec280000, 0x0000000100000000)
  eden space 2048K, 0% used [0x00000000eab00000,0x00000000eab00000,0x00000000ead00000)
  from space 3072K, 99% used [0x00000000eb500000,0x00000000eb7fc010,0x00000000eb800000)
  to   space 8192K, 0% used [0x00000000ead00000,0x00000000ead00000,0x00000000eb500000)
 ParOldGen       total 494080K, used 493584K [0x00000000c0000000, 0x00000000de280000, 0x00000000eab00000)
  object space 494080K, 99% used [0x00000000c0000000,0x00000000de204180,0x00000000de280000)
 Metaspace       used 65947K, committed 67264K, reserved 1114112K
  class space    used 6890K, committed 7488K, reserved 1048576K
}
Event: 12.926 GC heap before
{Heap before GC invocations=424 (full 3):
 PSYoungGen      total 5120K, used 5104K [0x00000000eab00000, 0x00000000ec280000, 0x0000000100000000)
  eden space 2048K, 100% used [0x00000000eab00000,0x00000000ead00000,0x00000000ead00000)
  from space 3072K, 99% used [0x00000000eb500000,0x00000000eb7fc010,0x00000000eb800000)
  to   space 8192K, 0% used [0x00000000ead00000,0x00000000ead00000,0x00000000eb500000)
 ParOldGen       total 494080K, used 493584K [0x00000000c0000000, 0x00000000de280000, 0x00000000eab00000)
  object space 494080K, 99% used [0x00000000c0000000,0x00000000de204180,0x00000000de280000)
 Metaspace       used 65947K, committed 67264K, reserved 1114112K
  class space    used 6890K, committed 7488K, reserved 1048576K
}

