# JRE version: OpenJDK Runtime Environment Temurin-21.0.7+6 (21.0.7+6) (build 21.0.7+6-LTS)
# Java VM: OpenJDK 64-Bit Server VM Temurin-21.0.7+6 (21.0.7+6-LTS, mixed mode, sharing, tiered, compressed oops, compressed class ptrs, parallel gc, linux-amd64)
GC Precious Log:
 CardTable entry size: 512
 CPUs: 8 total, 8 available
 Memory: 15592M
 Large Page Support: Disabled
 NUMA Support: Disabled
 Compressed Oops: Enabled (32-bit)
 Alignments: Space 512K, Generation 512K, Heap 2M
 Heap Min Capacity: 100M
 Heap Initial Capacity: 100M
 Heap Max Capacity: 1G
 Pre-touch: Disabled
 Parallel Workers: 8
Heap:
 PSYoungGen      total 4608K, used 4606K [0x00000000eab00000, 0x00000000eb480000, 0x0000000100000000)
  eden space 3584K, 100% used [0x00000000eab00000,0x00000000eae80000,0x00000000eae80000)
  from space 1024K, 99% used [0x00000000eae80000,0x00000000eaf7fa80,0x00000000eaf80000)
  to   space 3072K, 8% used [0x00000000eb180000,0x00000000eb1c0000,0x00000000eb480000)
 ParOldGen       total 577024K, used 576599K [0x00000000c0000000, 0x00000000e3380000, 0x00000000eab00000)
  object space 577024K, 99% used [0x00000000c0000000,0x00000000e3315fa8,0x00000000e3380000)
 Metaspace       used 90200K, committed 91712K, reserved 1179648K
  class space    used 8705K, committed 9536K, reserved 1048576K
GC Heap History (20 events):
Event: 3173,533 GC heap before
{Heap before GC invocations=2739 (full 6):
 PSYoungGen      total 4608K, used 4607K [0x00000000eab00000, 0x00000000eb800000, 0x0000000100000000)
  eden space 3072K, 99% used [0x00000000eab00000,0x00000000eadffeb8,0x00000000eae00000)
  from space 1536K, 100% used [0x00000000eae80000,0x00000000eb000000,0x00000000eb000000)
  to   space 5120K, 0% used [0x00000000eb300000,0x00000000eb300000,0x00000000eb800000)
 ParOldGen       total 568832K, used 568808K [0x00000000c0000000, 0x00000000e2b80000, 0x00000000eab00000)
  object space 568832K, 99% used [0x00000000c0000000,0x00000000e2b7a248,0x00000000e2b80000)
 Metaspace       used 90172K, committed 91712K, reserved 1179648K
  class space    used 8703K, committed 9536K, reserved 1048576K
}
Event: 3173,538 GC heap after
{Heap after GC invocations=2739 (full 6):
 PSYoungGen      total 5120K, used 954K [0x00000000eab00000, 0x00000000eb400000, 0x0000000100000000)
  eden space 4096K, 0% used [0x00000000eab00000,0x00000000eab00000,0x00000000eaf00000)
  from space 1024K, 93% used [0x00000000eb300000,0x00000000eb3eeb80,0x00000000eb400000)
  to   space 2560K, 0% used [0x00000000eaf00000,0x00000000eaf00000,0x00000000eb180000)
 ParOldGen       total 570880K, used 570400K [0x00000000c0000000, 0x00000000e2d80000, 0x00000000eab00000)
  object space 570880K, 99% used [0x00000000c0000000,0x00000000e2d08248,0x00000000e2d80000)
 Metaspace       used 90172K, committed 91712K, reserved 1179648K
  class space    used 8703K, committed 9536K, reserved 1048576K
}
Event: 3173,559 GC heap before
{Heap before GC invocations=2740 (full 6):
 PSYoungGen      total 5120K, used 5050K [0x00000000eab00000, 0x00000000eb400000, 0x0000000100000000)
  eden space 4096K, 100% used [0x00000000eab00000,0x00000000eaf00000,0x00000000eaf00000)
  from space 1024K, 93% used [0x00000000eb300000,0x00000000eb3eeb80,0x00000000eb400000)
  to   space 2560K, 0% used [0x00000000eaf00000,0x00000000eaf00000,0x00000000eb180000)
 ParOldGen       total 570880K, used 570400K [0x00000000c0000000, 0x00000000e2d80000, 0x00000000eab00000)
  object space 570880K, 99% used [0x00000000c0000000,0x00000000e2d08248,0x00000000e2d80000)
 Metaspace       used 90181K, committed 91712K, reserved 1179648K
  class space    used 8703K, committed 9536K, reserved 1048576K
}
Event: 3173,563 GC heap after
{Heap after GC invocations=2740 (full 6):
 PSYoungGen      total 6656K, used 1216K [0x00000000eab00000, 0x00000000eb380000, 0x0000000100000000)
  eden space 4096K, 0% used [0x00000000eab00000,0x00000000eab00000,0x00000000eaf00000)
  from space 2560K, 47% used [0x00000000eaf00000,0x00000000eb030020,0x00000000eb180000)
  to   space 1536K, 0% used [0x00000000eb200000,0x00000000eb200000,0x00000000eb380000)
 ParOldGen       total 571392K, used 571236K [0x00000000c0000000, 0x00000000e2e00000, 0x00000000eab00000)
  object space 571392K, 99% used [0x00000000c0000000,0x00000000e2dd9060,0x00000000e2e00000)
 Metaspace       used 90181K, committed 91712K, reserved 1179648K
  class space    used 8703K, committed 9536K, reserved 1048576K
}
Event: 3173,618 GC heap before
{Heap before GC invocations=2741 (full 6):
 PSYoungGen      total 6656K, used 5312K [0x00000000eab00000, 0x00000000eb380000, 0x0000000100000000)
  eden space 4096K, 100% used [0x00000000eab00000,0x00000000eaf00000,0x00000000eaf00000)
  from space 2560K, 47% used [0x00000000eaf00000,0x00000000eb030020,0x00000000eb180000)
  to   space 1536K, 0% used [0x00000000eb200000,0x00000000eb200000,0x00000000eb380000)
 ParOldGen       total 571392K, used 571236K [0x00000000c0000000, 0x00000000e2e00000, 0x00000000eab00000)
  object space 571392K, 99% used [0x00000000c0000000,0x00000000e2dd9060,0x00000000e2e00000)
 Metaspace       used 90199K, committed 91712K, reserved 1179648K
  class space    used 8705K, committed 9536K, reserved 1048576K
}
Event: 3173,624 GC heap after
{Heap after GC invocations=2741 (full 6):
 PSYoungGen      total 4608K, used 192K [0x00000000eab00000, 0x00000000eb280000, 0x0000000100000000)
  eden space 4096K, 0% used [0x00000000eab00000,0x00000000eab00000,0x00000000eaf00000)
  from space 512K, 37% used [0x00000000eb200000,0x00000000eb230000,0x00000000eb280000)
  to   space 1024K, 0% used [0x00000000eb080000,0x00000000eb080000,0x00000000eb180000)
 ParOldGen       total 572416K, used 572154K [0x00000000c0000000, 0x00000000e2f00000, 0x00000000eab00000)
  object space 572416K, 99% used [0x00000000c0000000,0x00000000e2ebeb00,0x00000000e2f00000)
 Metaspace       used 90199K, committed 91712K, reserved 1179648K
  class space    used 8705K, committed 9536K, reserved 1048576K
}
Event: 3173,711 GC heap before
{Heap before GC invocations=2742 (full 6):
 PSYoungGen      total 4608K, used 4288K [0x00000000eab00000, 0x00000000eb280000, 0x0000000100000000)
  eden space 4096K, 100% used [0x00000000eab00000,0x00000000eaf00000,0x00000000eaf00000)
  from space 512K, 37% used [0x00000000eb200000,0x00000000eb230000,0x00000000eb280000)
  to   space 1024K, 0% used [0x00000000eb080000,0x00000000eb080000,0x00000000eb180000)
 ParOldGen       total 572416K, used 572154K [0x00000000c0000000, 0x00000000e2f00000, 0x00000000eab00000)
  object space 572416K, 99% used [0x00000000c0000000,0x00000000e2ebeb00,0x00000000e2f00000)
 Metaspace       used 90199K, committed 91712K, reserved 1179648K
  class space    used 8705K, committed 9536K, reserved 1048576K
}
Event: 3173,724 GC heap after
{Heap after GC invocations=2742 (full 6):
 PSYoungGen      total 5120K, used 997K [0x00000000eab00000, 0x00000000eb280000, 0x0000000100000000)
  eden space 4096K, 0% used [0x00000000eab00000,0x00000000eab00000,0x00000000eaf00000)
  from space 1024K, 97% used [0x00000000eb080000,0x00000000eb1795f0,0x00000000eb180000)
  to   space 1024K, 0% used [0x00000000eb180000,0x00000000eb180000,0x00000000eb280000)
 ParOldGen       total 572416K, used 572226K [0x00000000c0000000, 0x00000000e2f00000, 0x00000000eab00000)
  object space 572416K, 99% used [0x00000000c0000000,0x00000000e2ed0b00,0x00000000e2f00000)
 Metaspace       used 90199K, committed 91712K, reserved 1179648K
  class space    used 8705K, committed 9536K, reserved 1048576K
}
Event: 3173,802 GC heap before
{Heap before GC invocations=2743 (full 6):
 PSYoungGen      total 5120K, used 5093K [0x00000000eab00000, 0x00000000eb280000, 0x0000000100000000)
  eden space 4096K, 100% used [0x00000000eab00000,0x00000000eaf00000,0x00000000eaf00000)
  from space 1024K, 97% used [0x00000000eb080000,0x00000000eb1795f0,0x00000000eb180000)
  to   space 1024K, 0% used [0x00000000eb180000,0x00000000eb180000,0x00000000eb280000)
 ParOldGen       total 572416K, used 572226K [0x00000000c0000000, 0x00000000e2f00000, 0x00000000eab00000)
  object space 572416K, 99% used [0x00000000c0000000,0x00000000e2ed0b00,0x00000000e2f00000)
 Metaspace       used 90199K, committed 91712K, reserved 1179648K
  class space    used 8705K, committed 9536K, reserved 1048576K
}
Event: 3173,807 GC heap after
{Heap after GC invocations=2743 (full 6):
 PSYoungGen      total 5120K, used 1024K [0x00000000eab00000, 0x00000000eb400000, 0x0000000100000000)
  eden space 4096K, 0% used [0x00000000eab00000,0x00000000eab00000,0x00000000eaf00000)
  from space 1024K, 100% used [0x00000000eb180000,0x00000000eb280000,0x00000000eb280000)
  to   space 2560K, 0% used [0x00000000eaf00000,0x00000000eaf00000,0x00000000eb180000)
 ParOldGen       total 573440K, used 573217K [0x00000000c0000000, 0x00000000e3000000, 0x00000000eab00000)
  object space 573440K, 99% used [0x00000000c0000000,0x00000000e2fc8580,0x00000000e3000000)
 Metaspace       used 90199K, committed 91712K, reserved 1179648K
  class space    used 8705K, committed 9536K, reserved 1048576K
}
Event: 3173,972 GC heap before
{Heap before GC invocations=2744 (full 6):
 PSYoungGen      total 5120K, used 5120K [0x00000000eab00000, 0x00000000eb400000, 0x0000000100000000)
  eden space 4096K, 100% used [0x00000000eab00000,0x00000000eaf00000,0x00000000eaf00000)
  from space 1024K, 100% used [0x00000000eb180000,0x00000000eb280000,0x00000000eb280000)
  to   space 2560K, 0% used [0x00000000eaf00000,0x00000000eaf00000,0x00000000eb180000)
 ParOldGen       total 573440K, used 573217K [0x00000000c0000000, 0x00000000e3000000, 0x00000000eab00000)
  object space 573440K, 99% used [0x00000000c0000000,0x00000000e2fc8580,0x00000000e3000000)
 Metaspace       used 90200K, committed 91712K, reserved 1179648K
  class space    used 8705K, committed 9536K, reserved 1048576K
}
Event: 3173,976 GC heap after
{Heap after GC invocations=2744 (full 6):
 PSYoungGen      total 5120K, used 693K [0x00000000eab00000, 0x00000000eb200000, 0x0000000100000000)
  eden space 4096K, 0% used [0x00000000eab00000,0x00000000eab00000,0x00000000eaf00000)
  from space 1024K, 67% used [0x00000000eaf00000,0x00000000eafad5b8,0x00000000eb000000)
  to   space 1536K, 0% used [0x00000000eb080000,0x00000000eb080000,0x00000000eb200000)
 ParOldGen       total 574464K, used 574124K [0x00000000c0000000, 0x00000000e3100000, 0x00000000eab00000)
  object space 574464K, 99% used [0x00000000c0000000,0x00000000e30ab2f0,0x00000000e3100000)
 Metaspace       used 90200K, committed 91712K, reserved 1179648K
  class space    used 8705K, committed 9536K, reserved 1048576K
}
Event: 3173,999 GC heap before
{Heap before GC invocations=2745 (full 6):
 PSYoungGen      total 5120K, used 4789K [0x00000000eab00000, 0x00000000eb200000, 0x0000000100000000)
  eden space 4096K, 99% used [0x00000000eab00000,0x00000000eaeffff8,0x00000000eaf00000)
  from space 1024K, 67% used [0x00000000eaf00000,0x00000000eafad5b8,0x00000000eb000000)
  to   space 1536K, 0% used [0x00000000eb080000,0x00000000eb080000,0x00000000eb200000)
 ParOldGen       total 574464K, used 574124K [0x00000000c0000000, 0x00000000e3100000, 0x00000000eab00000)
  object space 574464K, 99% used [0x00000000c0000000,0x00000000e30ab2f0,0x00000000e3100000)
 Metaspace       used 90200K, committed 91712K, reserved 1179648K
  class space    used 8705K, committed 9536K, reserved 1048576K
}
Event: 3174,002 GC heap after
{Heap after GC invocations=2745 (full 6):
 PSYoungGen      total 5120K, used 1477K [0x00000000eab00000, 0x00000000eb300000, 0x0000000100000000)
  eden space 3584K, 0% used [0x00000000eab00000,0x00000000eab00000,0x00000000eae80000)
  from space 1536K, 96% used [0x00000000eb080000,0x00000000eb1f15e8,0x00000000eb200000)
  to   space 2048K, 0% used [0x00000000eae80000,0x00000000eae80000,0x00000000eb080000)
 ParOldGen       total 574976K, used 574649K [0x00000000c0000000, 0x00000000e3180000, 0x00000000eab00000)
  object space 574976K, 99% used [0x00000000c0000000,0x00000000e312e448,0x00000000e3180000)
 Metaspace       used 90200K, committed 91712K, reserved 1179648K
  class space    used 8705K, committed 9536K, reserved 1048576K
}
Event: 3174,141 GC heap before
{Heap before GC invocations=2746 (full 6):
 PSYoungGen      total 5120K, used 5061K [0x00000000eab00000, 0x00000000eb300000, 0x0000000100000000)
  eden space 3584K, 99% used [0x00000000eab00000,0x00000000eae7ffd8,0x00000000eae80000)
  from space 1536K, 96% used [0x00000000eb080000,0x00000000eb1f15e8,0x00000000eb200000)
  to   space 2048K, 0% used [0x00000000eae80000,0x00000000eae80000,0x00000000eb080000)
 ParOldGen       total 574976K, used 574649K [0x00000000c0000000, 0x00000000e3180000, 0x00000000eab00000)
  object space 574976K, 99% used [0x00000000c0000000,0x00000000e312e448,0x00000000e3180000)
 Metaspace       used 90200K, committed 91712K, reserved 1179648K
  class space    used 8705K, committed 9536K, reserved 1048576K
}
Event: 3174,145 GC heap after
{Heap after GC invocations=2746 (full 6):
 PSYoungGen      total 4608K, used 880K [0x00000000eab00000, 0x00000000eb180000, 0x0000000100000000)
  eden space 3584K, 0% used [0x00000000eab00000,0x00000000eab00000,0x00000000eae80000)
  from space 1024K, 85% used [0x00000000eae80000,0x00000000eaf5c030,0x00000000eaf80000)
  to   space 1536K, 0% used [0x00000000eb000000,0x00000000eb000000,0x00000000eb180000)
 ParOldGen       total 574976K, used 574673K [0x00000000c0000000, 0x00000000e3180000, 0x00000000eab00000)
  object space 574976K, 99% used [0x00000000c0000000,0x00000000e3134448,0x00000000e3180000)
 Metaspace       used 90200K, committed 91712K, reserved 1179648K
  class space    used 8705K, committed 9536K, reserved 1048576K
}
Event: 3174,330 GC heap before
{Heap before GC invocations=2747 (full 6):
 PSYoungGen      total 4608K, used 4464K [0x00000000eab00000, 0x00000000eb180000, 0x0000000100000000)
  eden space 3584K, 100% used [0x00000000eab00000,0x00000000eae80000,0x00000000eae80000)
  from space 1024K, 85% used [0x00000000eae80000,0x00000000eaf5c030,0x00000000eaf80000)
  to   space 1536K, 0% used [0x00000000eb000000,0x00000000eb000000,0x00000000eb180000)
 ParOldGen       total 574976K, used 574673K [0x00000000c0000000, 0x00000000e3180000, 0x00000000eab00000)
  object space 574976K, 99% used [0x00000000c0000000,0x00000000e3134448,0x00000000e3180000)
 Metaspace       used 90200K, committed 91712K, reserved 1179648K
  class space    used 8705K, committed 9536K, reserved 1048576K
}
Event: 3174,333 GC heap after
{Heap after GC invocations=2747 (full 6):
 PSYoungGen      total 4096K, used 458K [0x00000000eab00000, 0x00000000eb080000, 0x0000000100000000)
  eden space 3584K, 0% used [0x00000000eab00000,0x00000000eab00000,0x00000000eae80000)
  from space 512K, 89% used [0x00000000eb000000,0x00000000eb072b70,0x00000000eb080000)
  to   space 1024K, 0% used [0x00000000eae80000,0x00000000eae80000,0x00000000eaf80000)
 ParOldGen       total 574976K, used 574731K [0x00000000c0000000, 0x00000000e3180000, 0x00000000eab00000)
  object space 574976K, 99% used [0x00000000c0000000,0x00000000e3142e78,0x00000000e3180000)
 Metaspace       used 90200K, committed 91712K, reserved 1179648K
  class space    used 8705K, committed 9536K, reserved 1048576K
}
Event: 3174,344 GC heap before
{Heap before GC invocations=2748 (full 6):
 PSYoungGen      total 4096K, used 4042K [0x00000000eab00000, 0x00000000eb080000, 0x0000000100000000)
  eden space 3584K, 100% used [0x00000000eab00000,0x00000000eae80000,0x00000000eae80000)
  from space 512K, 89% used [0x00000000eb000000,0x00000000eb072b70,0x00000000eb080000)
  to   space 1024K, 0% used [0x00000000eae80000,0x00000000eae80000,0x00000000eaf80000)
 ParOldGen       total 574976K, used 574731K [0x00000000c0000000, 0x00000000e3180000, 0x00000000eab00000)
  object space 574976K, 99% used [0x00000000c0000000,0x00000000e3142e78,0x00000000e3180000)
 Metaspace       used 90200K, committed 91712K, reserved 1179648K
  class space    used 8705K, committed 9536K, reserved 1048576K
}
Event: 3174,347 GC heap after
{Heap after GC invocations=2748 (full 6):
 PSYoungGen      total 4608K, used 1022K [0x00000000eab00000, 0x00000000eb480000, 0x0000000100000000)
  eden space 3584K, 0% used [0x00000000eab00000,0x00000000eab00000,0x00000000eae80000)
  from space 1024K, 99% used [0x00000000eae80000,0x00000000eaf7fa80,0x00000000eaf80000)
  to   space 3072K, 0% used [0x00000000eb180000,0x00000000eb180000,0x00000000eb480000)
 ParOldGen       total 576512K, used 576119K [0x00000000c0000000, 0x00000000e3300000, 0x00000000eab00000)
  object space 576512K, 99% used [0x00000000c0000000,0x00000000e329de80,0x00000000e3300000)
 Metaspace       used 90200K, committed 91712K, reserved 1179648K
  class space    used 8705K, committed 9536K, reserved 1048576K
}

