# JRE version: OpenJDK Runtime Environment Temurin-21.0.7+6 (21.0.7+6) (build 21.0.7+6-LTS)
# Java VM: OpenJDK 64-Bit Server VM Temurin-21.0.7+6 (21.0.7+6-LTS, mixed mode, sharing, tiered, compressed oops, compressed class ptrs, parallel gc, linux-amd64)
GC Precious Log:
 CardTable entry size: 512
 CPUs: 8 total, 8 available
 Memory: 15592M
 Large Page Support: Disabled
 NUMA Support: Disabled
 Compressed Oops: Enabled (32-bit)
 Alignments: Space 512K, Generation 512K, Heap 2M
 Heap Min Capacity: 100M
 Heap Initial Capacity: 100M
 Heap Max Capacity: 1G
 Pre-touch: Disabled
 Parallel Workers: 8
Heap:
 PSYoungGen      total 4608K, used 4608K [0x00000000eab00000, 0x00000000eb180000, 0x0000000100000000)
  eden space 4096K, 100% used [0x00000000eab00000,0x00000000eaf00000,0x00000000eaf00000)
  from space 512K, 100% used [0x00000000eb080000,0x00000000eb100000,0x00000000eb100000)
  to   space 512K, 100% used [0x00000000eb100000,0x00000000eb180000,0x00000000eb180000)
 ParOldGen       total 584192K, used 493453K [0x00000000c0000000, 0x00000000e3a80000, 0x00000000eab00000)
  object space 584192K, 84% used [0x00000000c0000000,0x00000000de1e3540,0x00000000e3a80000)
 Metaspace       used 82451K, committed 84032K, reserved 1179648K
  class space    used 8182K, committed 8896K, reserved 1048576K
GC Heap History (20 events):
Event: 485,130 GC heap after
{Heap after GC invocations=956 (full 4):
 PSYoungGen      total 4608K, used 512K [0x00000000eab00000, 0x00000000eb300000, 0x0000000100000000)
  eden space 4096K, 0% used [0x00000000eab00000,0x00000000eab00000,0x00000000eaf00000)
  from space 512K, 100% used [0x00000000eb180000,0x00000000eb200000,0x00000000eb200000)
  to   space 2048K, 0% used [0x00000000eaf00000,0x00000000eaf00000,0x00000000eb100000)
 ParOldGen       total 584192K, used 491296K [0x00000000c0000000, 0x00000000e3a80000, 0x00000000eab00000)
  object space 584192K, 84% used [0x00000000c0000000,0x00000000ddfc8318,0x00000000e3a80000)
 Metaspace       used 82412K, committed 83968K, reserved 1179648K
  class space    used 8182K, committed 8896K, reserved 1048576K
}
Event: 485,371 GC heap before
{Heap before GC invocations=957 (full 4):
 PSYoungGen      total 4608K, used 4608K [0x00000000eab00000, 0x00000000eb300000, 0x0000000100000000)
  eden space 4096K, 100% used [0x00000000eab00000,0x00000000eaf00000,0x00000000eaf00000)
  from space 512K, 100% used [0x00000000eb180000,0x00000000eb200000,0x00000000eb200000)
  to   space 2048K, 0% used [0x00000000eaf00000,0x00000000eaf00000,0x00000000eb100000)
 ParOldGen       total 584192K, used 491296K [0x00000000c0000000, 0x00000000e3a80000, 0x00000000eab00000)
  object space 584192K, 84% used [0x00000000c0000000,0x00000000ddfc8318,0x00000000e3a80000)
 Metaspace       used 82415K, committed 83968K, reserved 1179648K
  class space    used 8182K, committed 8896K, reserved 1048576K
}
Event: 485,374 GC heap after
{Heap after GC invocations=957 (full 4):
 PSYoungGen      total 6144K, used 224K [0x00000000eab00000, 0x00000000eb200000, 0x0000000100000000)
  eden space 4096K, 0% used [0x00000000eab00000,0x00000000eab00000,0x00000000eaf00000)
  from space 2048K, 10% used [0x00000000eaf00000,0x00000000eaf38000,0x00000000eb100000)
  to   space 1024K, 0% used [0x00000000eb100000,0x00000000eb100000,0x00000000eb200000)
 ParOldGen       total 584192K, used 491831K [0x00000000c0000000, 0x00000000e3a80000, 0x00000000eab00000)
  object space 584192K, 84% used [0x00000000c0000000,0x00000000de04df68,0x00000000e3a80000)
 Metaspace       used 82415K, committed 83968K, reserved 1179648K
  class space    used 8182K, committed 8896K, reserved 1048576K
}
Event: 485,404 GC heap before
{Heap before GC invocations=958 (full 4):
 PSYoungGen      total 6144K, used 4320K [0x00000000eab00000, 0x00000000eb200000, 0x0000000100000000)
  eden space 4096K, 100% used [0x00000000eab00000,0x00000000eaf00000,0x00000000eaf00000)
  from space 2048K, 10% used [0x00000000eaf00000,0x00000000eaf38000,0x00000000eb100000)
  to   space 1024K, 0% used [0x00000000eb100000,0x00000000eb100000,0x00000000eb200000)
 ParOldGen       total 584192K, used 491831K [0x00000000c0000000, 0x00000000e3a80000, 0x00000000eab00000)
  object space 584192K, 84% used [0x00000000c0000000,0x00000000de04df68,0x00000000e3a80000)
 Metaspace       used 82427K, committed 83968K, reserved 1179648K
  class space    used 8182K, committed 8896K, reserved 1048576K
}
Event: 485,407 GC heap after
{Heap after GC invocations=958 (full 4):
 PSYoungGen      total 4608K, used 160K [0x00000000eab00000, 0x00000000eb180000, 0x0000000100000000)
  eden space 4096K, 0% used [0x00000000eab00000,0x00000000eab00000,0x00000000eaf00000)
  from space 512K, 31% used [0x00000000eb100000,0x00000000eb128000,0x00000000eb180000)
  to   space 512K, 0% used [0x00000000eb080000,0x00000000eb080000,0x00000000eb100000)
 ParOldGen       total 584192K, used 491908K [0x00000000c0000000, 0x00000000e3a80000, 0x00000000eab00000)
  object space 584192K, 84% used [0x00000000c0000000,0x00000000de061378,0x00000000e3a80000)
 Metaspace       used 82427K, committed 83968K, reserved 1179648K
  class space    used 8182K, committed 8896K, reserved 1048576K
}
Event: 485,434 GC heap before
{Heap before GC invocations=959 (full 4):
 PSYoungGen      total 4608K, used 4256K [0x00000000eab00000, 0x00000000eb180000, 0x0000000100000000)
  eden space 4096K, 100% used [0x00000000eab00000,0x00000000eaf00000,0x00000000eaf00000)
  from space 512K, 31% used [0x00000000eb100000,0x00000000eb128000,0x00000000eb180000)
  to   space 512K, 0% used [0x00000000eb080000,0x00000000eb080000,0x00000000eb100000)
 ParOldGen       total 584192K, used 491908K [0x00000000c0000000, 0x00000000e3a80000, 0x00000000eab00000)
  object space 584192K, 84% used [0x00000000c0000000,0x00000000de061378,0x00000000e3a80000)
 Metaspace       used 82438K, committed 84032K, reserved 1179648K
  class space    used 8182K, committed 8896K, reserved 1048576K
}
Event: 485,436 GC heap after
{Heap after GC invocations=959 (full 4):
 PSYoungGen      total 4608K, used 192K [0x00000000eab00000, 0x00000000eb180000, 0x0000000100000000)
  eden space 4096K, 0% used [0x00000000eab00000,0x00000000eab00000,0x00000000eaf00000)
  from space 512K, 37% used [0x00000000eb080000,0x00000000eb0b0000,0x00000000eb100000)
  to   space 512K, 0% used [0x00000000eb100000,0x00000000eb100000,0x00000000eb180000)
 ParOldGen       total 584192K, used 491932K [0x00000000c0000000, 0x00000000e3a80000, 0x00000000eab00000)
  object space 584192K, 84% used [0x00000000c0000000,0x00000000de067378,0x00000000e3a80000)
 Metaspace       used 82438K, committed 84032K, reserved 1179648K
  class space    used 8182K, committed 8896K, reserved 1048576K
}
Event: 485,457 GC heap before
{Heap before GC invocations=960 (full 4):
 PSYoungGen      total 4608K, used 4288K [0x00000000eab00000, 0x00000000eb180000, 0x0000000100000000)
  eden space 4096K, 100% used [0x00000000eab00000,0x00000000eaf00000,0x00000000eaf00000)
  from space 512K, 37% used [0x00000000eb080000,0x00000000eb0b0000,0x00000000eb100000)
  to   space 512K, 0% used [0x00000000eb100000,0x00000000eb100000,0x00000000eb180000)
 ParOldGen       total 584192K, used 491932K [0x00000000c0000000, 0x00000000e3a80000, 0x00000000eab00000)
  object space 584192K, 84% used [0x00000000c0000000,0x00000000de067378,0x00000000e3a80000)
 Metaspace       used 82438K, committed 84032K, reserved 1179648K
  class space    used 8182K, committed 8896K, reserved 1048576K
}
Event: 485,460 GC heap after
{Heap after GC invocations=960 (full 4):
 PSYoungGen      total 4608K, used 128K [0x00000000eab00000, 0x00000000eb180000, 0x0000000100000000)
  eden space 4096K, 0% used [0x00000000eab00000,0x00000000eab00000,0x00000000eaf00000)
  from space 512K, 25% used [0x00000000eb100000,0x00000000eb120000,0x00000000eb180000)
  to   space 512K, 0% used [0x00000000eb080000,0x00000000eb080000,0x00000000eb100000)
 ParOldGen       total 584192K, used 491972K [0x00000000c0000000, 0x00000000e3a80000, 0x00000000eab00000)
  object space 584192K, 84% used [0x00000000c0000000,0x00000000de0710b8,0x00000000e3a80000)
 Metaspace       used 82438K, committed 84032K, reserved 1179648K
  class space    used 8182K, committed 8896K, reserved 1048576K
}
Event: 491,613 GC heap before
{Heap before GC invocations=961 (full 4):
 PSYoungGen      total 4608K, used 4224K [0x00000000eab00000, 0x00000000eb180000, 0x0000000100000000)
  eden space 4096K, 100% used [0x00000000eab00000,0x00000000eaf00000,0x00000000eaf00000)
  from space 512K, 25% used [0x00000000eb100000,0x00000000eb120000,0x00000000eb180000)
  to   space 512K, 0% used [0x00000000eb080000,0x00000000eb080000,0x00000000eb100000)
 ParOldGen       total 584192K, used 491972K [0x00000000c0000000, 0x00000000e3a80000, 0x00000000eab00000)
  object space 584192K, 84% used [0x00000000c0000000,0x00000000de0710b8,0x00000000e3a80000)
 Metaspace       used 82439K, committed 84032K, reserved 1179648K
  class space    used 8182K, committed 8896K, reserved 1048576K
}
Event: 491,614 GC heap after
{Heap after GC invocations=961 (full 4):
 PSYoungGen      total 4608K, used 288K [0x00000000eab00000, 0x00000000eb180000, 0x0000000100000000)
  eden space 4096K, 0% used [0x00000000eab00000,0x00000000eab00000,0x00000000eaf00000)
  from space 512K, 56% used [0x00000000eb080000,0x00000000eb0c8000,0x00000000eb100000)
  to   space 512K, 0% used [0x00000000eb100000,0x00000000eb100000,0x00000000eb180000)
 ParOldGen       total 584192K, used 492004K [0x00000000c0000000, 0x00000000e3a80000, 0x00000000eab00000)
  object space 584192K, 84% used [0x00000000c0000000,0x00000000de0790b8,0x00000000e3a80000)
 Metaspace       used 82439K, committed 84032K, reserved 1179648K
  class space    used 8182K, committed 8896K, reserved 1048576K
}
Event: 498,860 GC heap before
{Heap before GC invocations=962 (full 4):
 PSYoungGen      total 4608K, used 4384K [0x00000000eab00000, 0x00000000eb180000, 0x0000000100000000)
  eden space 4096K, 100% used [0x00000000eab00000,0x00000000eaf00000,0x00000000eaf00000)
  from space 512K, 56% used [0x00000000eb080000,0x00000000eb0c8000,0x00000000eb100000)
  to   space 512K, 0% used [0x00000000eb100000,0x00000000eb100000,0x00000000eb180000)
 ParOldGen       total 584192K, used 492004K [0x00000000c0000000, 0x00000000e3a80000, 0x00000000eab00000)
  object space 584192K, 84% used [0x00000000c0000000,0x00000000de0790b8,0x00000000e3a80000)
 Metaspace       used 82446K, committed 84032K, reserved 1179648K
  class space    used 8182K, committed 8896K, reserved 1048576K
}
Event: 498,862 GC heap after
{Heap after GC invocations=962 (full 4):
 PSYoungGen      total 4608K, used 512K [0x00000000eab00000, 0x00000000eb180000, 0x0000000100000000)
  eden space 4096K, 0% used [0x00000000eab00000,0x00000000eab00000,0x00000000eaf00000)
  from space 512K, 100% used [0x00000000eb100000,0x00000000eb180000,0x00000000eb180000)
  to   space 1024K, 0% used [0x00000000eaf80000,0x00000000eaf80000,0x00000000eb080000)
 ParOldGen       total 584192K, used 492075K [0x00000000c0000000, 0x00000000e3a80000, 0x00000000eab00000)
  object space 584192K, 84% used [0x00000000c0000000,0x00000000de08adf8,0x00000000e3a80000)
 Metaspace       used 82446K, committed 84032K, reserved 1179648K
  class space    used 8182K, committed 8896K, reserved 1048576K
}
Event: 502,673 GC heap before
{Heap before GC invocations=963 (full 4):
 PSYoungGen      total 4608K, used 4608K [0x00000000eab00000, 0x00000000eb180000, 0x0000000100000000)
  eden space 4096K, 100% used [0x00000000eab00000,0x00000000eaf00000,0x00000000eaf00000)
  from space 512K, 100% used [0x00000000eb100000,0x00000000eb180000,0x00000000eb180000)
  to   space 1024K, 0% used [0x00000000eaf80000,0x00000000eaf80000,0x00000000eb080000)
 ParOldGen       total 584192K, used 492075K [0x00000000c0000000, 0x00000000e3a80000, 0x00000000eab00000)
  object space 584192K, 84% used [0x00000000c0000000,0x00000000de08adf8,0x00000000e3a80000)
 Metaspace       used 82448K, committed 84032K, reserved 1179648K
  class space    used 8182K, committed 8896K, reserved 1048576K
}
Event: 502,675 GC heap after
{Heap after GC invocations=963 (full 4):
 PSYoungGen      total 5120K, used 256K [0x00000000eab00000, 0x00000000eb180000, 0x0000000100000000)
  eden space 4096K, 0% used [0x00000000eab00000,0x00000000eab00000,0x00000000eaf00000)
  from space 1024K, 25% used [0x00000000eaf80000,0x00000000eafc0000,0x00000000eb080000)
  to   space 512K, 0% used [0x00000000eb100000,0x00000000eb100000,0x00000000eb180000)
 ParOldGen       total 584192K, used 492473K [0x00000000c0000000, 0x00000000e3a80000, 0x00000000eab00000)
  object space 584192K, 84% used [0x00000000c0000000,0x00000000de0ee578,0x00000000e3a80000)
 Metaspace       used 82448K, committed 84032K, reserved 1179648K
  class space    used 8182K, committed 8896K, reserved 1048576K
}
Event: 502,688 GC heap before
{Heap before GC invocations=964 (full 4):
 PSYoungGen      total 5120K, used 4352K [0x00000000eab00000, 0x00000000eb180000, 0x0000000100000000)
  eden space 4096K, 100% used [0x00000000eab00000,0x00000000eaf00000,0x00000000eaf00000)
  from space 1024K, 25% used [0x00000000eaf80000,0x00000000eafc0000,0x00000000eb080000)
  to   space 512K, 0% used [0x00000000eb100000,0x00000000eb100000,0x00000000eb180000)
 ParOldGen       total 584192K, used 492473K [0x00000000c0000000, 0x00000000e3a80000, 0x00000000eab00000)
  object space 584192K, 84% used [0x00000000c0000000,0x00000000de0ee578,0x00000000e3a80000)
 Metaspace       used 82448K, committed 84032K, reserved 1179648K
  class space    used 8182K, committed 8896K, reserved 1048576K
}
Event: 502,690 GC heap after
{Heap after GC invocations=964 (full 4):
 PSYoungGen      total 4608K, used 224K [0x00000000eab00000, 0x00000000eb180000, 0x0000000100000000)
  eden space 4096K, 0% used [0x00000000eab00000,0x00000000eab00000,0x00000000eaf00000)
  from space 512K, 43% used [0x00000000eb100000,0x00000000eb138000,0x00000000eb180000)
  to   space 512K, 0% used [0x00000000eb080000,0x00000000eb080000,0x00000000eb100000)
 ParOldGen       total 584192K, used 492584K [0x00000000c0000000, 0x00000000e3a80000, 0x00000000eab00000)
  object space 584192K, 84% used [0x00000000c0000000,0x00000000de10a2b8,0x00000000e3a80000)
 Metaspace       used 82448K, committed 84032K, reserved 1179648K
  class space    used 8182K, committed 8896K, reserved 1048576K
}
Event: 506,524 GC heap before
{Heap before GC invocations=965 (full 4):
 PSYoungGen      total 4608K, used 4320K [0x00000000eab00000, 0x00000000eb180000, 0x0000000100000000)
  eden space 4096K, 100% used [0x00000000eab00000,0x00000000eaf00000,0x00000000eaf00000)
  from space 512K, 43% used [0x00000000eb100000,0x00000000eb138000,0x00000000eb180000)
  to   space 512K, 0% used [0x00000000eb080000,0x00000000eb080000,0x00000000eb100000)
 ParOldGen       total 584192K, used 492584K [0x00000000c0000000, 0x00000000e3a80000, 0x00000000eab00000)
  object space 584192K, 84% used [0x00000000c0000000,0x00000000de10a2b8,0x00000000e3a80000)
 Metaspace       used 82448K, committed 84032K, reserved 1179648K
  class space    used 8182K, committed 8896K, reserved 1048576K
}
Event: 506,527 GC heap after
{Heap after GC invocations=965 (full 4):
 PSYoungGen      total 4608K, used 512K [0x00000000eab00000, 0x00000000eb180000, 0x0000000100000000)
  eden space 4096K, 0% used [0x00000000eab00000,0x00000000eab00000,0x00000000eaf00000)
  from space 512K, 100% used [0x00000000eb080000,0x00000000eb100000,0x00000000eb100000)
  to   space 512K, 0% used [0x00000000eb100000,0x00000000eb100000,0x00000000eb180000)
 ParOldGen       total 584192K, used 492920K [0x00000000c0000000, 0x00000000e3a80000, 0x00000000eab00000)
  object space 584192K, 84% used [0x00000000c0000000,0x00000000de15e350,0x00000000e3a80000)
 Metaspace       used 82448K, committed 84032K, reserved 1179648K
  class space    used 8182K, committed 8896K, reserved 1048576K
}
Event: 506,786 GC heap before
{Heap before GC invocations=966 (full 4):
 PSYoungGen      total 4608K, used 4608K [0x00000000eab00000, 0x00000000eb180000, 0x0000000100000000)
  eden space 4096K, 100% used [0x00000000eab00000,0x00000000eaf00000,0x00000000eaf00000)
  from space 512K, 100% used [0x00000000eb080000,0x00000000eb100000,0x00000000eb100000)
  to   space 512K, 0% used [0x00000000eb100000,0x00000000eb100000,0x00000000eb180000)
 ParOldGen       total 584192K, used 492920K [0x00000000c0000000, 0x00000000e3a80000, 0x00000000eab00000)
  object space 584192K, 84% used [0x00000000c0000000,0x00000000de15e350,0x00000000e3a80000)
 Metaspace       used 82451K, committed 84032K, reserved 1179648K
  class space    used 8182K, committed 8896K, reserved 1048576K
}

