# JRE version: OpenJDK Runtime Environment Temurin-21.0.7+6 (21.0.7+6) (build 21.0.7+6-LTS)
# Java VM: OpenJDK 64-Bit Server VM Temurin-21.0.7+6 (21.0.7+6-LTS, mixed mode, sharing, tiered, compressed oops, compressed class ptrs, parallel gc, linux-amd64)
GC Precious Log:
 CardTable entry size: 512
 CPUs: 8 total, 8 available
 Memory: 15592M
 Large Page Support: Disabled
 NUMA Support: Disabled
 Compressed Oops: Enabled (32-bit)
 Alignments: Space 512K, Generation 512K, Heap 2M
 Heap Min Capacity: 100M
 Heap Initial Capacity: 100M
 Heap Max Capacity: 1G
 Pre-touch: Disabled
 Parallel Workers: 8
Heap:
 PSYoungGen      total 2560K, used 957K [0x00000000eab00000, 0x00000000eae80000, 0x0000000100000000)
  eden space 1536K, 22% used [0x00000000eab00000,0x00000000eab574c8,0x00000000eac80000)
  from space 1024K, 59% used [0x00000000ead80000,0x00000000eae18000,0x00000000eae80000)
  to   space 1024K, 0% used [0x00000000eac80000,0x00000000eac80000,0x00000000ead80000)
 ParOldGen       total 601600K, used 384466K [0x00000000c0000000, 0x00000000e4b80000, 0x00000000eab00000)
  object space 601600K, 63% used [0x00000000c0000000,0x00000000d7774820,0x00000000e4b80000)
 Metaspace       used 78535K, committed 80128K, reserved 1179648K
  class space    used 7776K, committed 8512K, reserved 1048576K
GC Heap History (20 events):
Event: 129,865 GC heap before
{Heap before GC invocations=793 (full 4):
 PSYoungGen      total 2048K, used 2032K [0x00000000eab00000, 0x00000000eae80000, 0x0000000100000000)
  eden space 1536K, 100% used [0x00000000eab00000,0x00000000eac80000,0x00000000eac80000)
  from space 512K, 96% used [0x00000000ead80000,0x00000000eadfc010,0x00000000eae00000)
  to   space 1024K, 0% used [0x00000000eac80000,0x00000000eac80000,0x00000000ead80000)
 ParOldGen       total 601600K, used 379981K [0x00000000c0000000, 0x00000000e4b80000, 0x00000000eab00000)
  object space 601600K, 63% used [0x00000000c0000000,0x00000000d73134a8,0x00000000e4b80000)
 Metaspace       used 78526K, committed 80128K, reserved 1179648K
  class space    used 7776K, committed 8512K, reserved 1048576K
}
Event: 129,870 GC heap after
{Heap after GC invocations=793 (full 4):
 PSYoungGen      total 2560K, used 736K [0x00000000eab00000, 0x00000000eae80000, 0x0000000100000000)
  eden space 1536K, 0% used [0x00000000eab00000,0x00000000eab00000,0x00000000eac80000)
  from space 1024K, 71% used [0x00000000eac80000,0x00000000ead38020,0x00000000ead80000)
  to   space 1024K, 0% used [0x00000000ead80000,0x00000000ead80000,0x00000000eae80000)
 ParOldGen       total 601600K, used 380394K [0x00000000c0000000, 0x00000000e4b80000, 0x00000000eab00000)
  object space 601600K, 63% used [0x00000000c0000000,0x00000000d737aa20,0x00000000e4b80000)
 Metaspace       used 78526K, committed 80128K, reserved 1179648K
  class space    used 7776K, committed 8512K, reserved 1048576K
}
Event: 129,893 GC heap before
{Heap before GC invocations=794 (full 4):
 PSYoungGen      total 2560K, used 2272K [0x00000000eab00000, 0x00000000eae80000, 0x0000000100000000)
  eden space 1536K, 100% used [0x00000000eab00000,0x00000000eac80000,0x00000000eac80000)
  from space 1024K, 71% used [0x00000000eac80000,0x00000000ead38020,0x00000000ead80000)
  to   space 1024K, 0% used [0x00000000ead80000,0x00000000ead80000,0x00000000eae80000)
 ParOldGen       total 601600K, used 380394K [0x00000000c0000000, 0x00000000e4b80000, 0x00000000eab00000)
  object space 601600K, 63% used [0x00000000c0000000,0x00000000d737aa20,0x00000000e4b80000)
 Metaspace       used 78526K, committed 80128K, reserved 1179648K
  class space    used 7776K, committed 8512K, reserved 1048576K
}
Event: 129,900 GC heap after
{Heap after GC invocations=794 (full 4):
 PSYoungGen      total 2560K, used 608K [0x00000000eab00000, 0x00000000eae80000, 0x0000000100000000)
  eden space 1536K, 0% used [0x00000000eab00000,0x00000000eab00000,0x00000000eac80000)
  from space 1024K, 59% used [0x00000000ead80000,0x00000000eae18000,0x00000000eae80000)
  to   space 1024K, 0% used [0x00000000eac80000,0x00000000eac80000,0x00000000ead80000)
 ParOldGen       total 601600K, used 381050K [0x00000000c0000000, 0x00000000e4b80000, 0x00000000eab00000)
  object space 601600K, 63% used [0x00000000c0000000,0x00000000d741ebf0,0x00000000e4b80000)
 Metaspace       used 78526K, committed 80128K, reserved 1179648K
  class space    used 7776K, committed 8512K, reserved 1048576K
}
Event: 129,995 GC heap before
{Heap before GC invocations=795 (full 4):
 PSYoungGen      total 2560K, used 2144K [0x00000000eab00000, 0x00000000eae80000, 0x0000000100000000)
  eden space 1536K, 100% used [0x00000000eab00000,0x00000000eac80000,0x00000000eac80000)
  from space 1024K, 59% used [0x00000000ead80000,0x00000000eae18000,0x00000000eae80000)
  to   space 1024K, 0% used [0x00000000eac80000,0x00000000eac80000,0x00000000ead80000)
 ParOldGen       total 601600K, used 381050K [0x00000000c0000000, 0x00000000e4b80000, 0x00000000eab00000)
  object space 601600K, 63% used [0x00000000c0000000,0x00000000d741ebf0,0x00000000e4b80000)
 Metaspace       used 78526K, committed 80128K, reserved 1179648K
  class space    used 7776K, committed 8512K, reserved 1048576K
}
Event: 129,998 GC heap after
{Heap after GC invocations=795 (full 4):
 PSYoungGen      total 2560K, used 246K [0x00000000eab00000, 0x00000000eae00000, 0x0000000100000000)
  eden space 1536K, 0% used [0x00000000eab00000,0x00000000eab00000,0x00000000eac80000)
  from space 1024K, 24% used [0x00000000eac80000,0x00000000eacbdb28,0x00000000ead80000)
  to   space 512K, 0% used [0x00000000ead80000,0x00000000ead80000,0x00000000eae00000)
 ParOldGen       total 601600K, used 381544K [0x00000000c0000000, 0x00000000e4b80000, 0x00000000eab00000)
  object space 601600K, 63% used [0x00000000c0000000,0x00000000d749a310,0x00000000e4b80000)
 Metaspace       used 78526K, committed 80128K, reserved 1179648K
  class space    used 7776K, committed 8512K, reserved 1048576K
}
Event: 130,004 GC heap before
{Heap before GC invocations=796 (full 4):
 PSYoungGen      total 2560K, used 1782K [0x00000000eab00000, 0x00000000eae00000, 0x0000000100000000)
  eden space 1536K, 100% used [0x00000000eab00000,0x00000000eac80000,0x00000000eac80000)
  from space 1024K, 24% used [0x00000000eac80000,0x00000000eacbdb28,0x00000000ead80000)
  to   space 512K, 0% used [0x00000000ead80000,0x00000000ead80000,0x00000000eae00000)
 ParOldGen       total 601600K, used 381544K [0x00000000c0000000, 0x00000000e4b80000, 0x00000000eab00000)
  object space 601600K, 63% used [0x00000000c0000000,0x00000000d749a310,0x00000000e4b80000)
 Metaspace       used 78526K, committed 80128K, reserved 1179648K
  class space    used 7776K, committed 8512K, reserved 1048576K
}
Event: 130,006 GC heap after
{Heap after GC invocations=796 (full 4):
 PSYoungGen      total 2048K, used 512K [0x00000000eab00000, 0x00000000eae80000, 0x0000000100000000)
  eden space 1536K, 0% used [0x00000000eab00000,0x00000000eab00000,0x00000000eac80000)
  from space 512K, 100% used [0x00000000ead80000,0x00000000eae00000,0x00000000eae00000)
  to   space 1024K, 0% used [0x00000000eac80000,0x00000000eac80000,0x00000000ead80000)
 ParOldGen       total 601600K, used 381849K [0x00000000c0000000, 0x00000000e4b80000, 0x00000000eab00000)
  object space 601600K, 63% used [0x00000000c0000000,0x00000000d74e6548,0x00000000e4b80000)
 Metaspace       used 78526K, committed 80128K, reserved 1179648K
  class space    used 7776K, committed 8512K, reserved 1048576K
}
Event: 130,016 GC heap before
{Heap before GC invocations=797 (full 4):
 PSYoungGen      total 2048K, used 2048K [0x00000000eab00000, 0x00000000eae80000, 0x0000000100000000)
  eden space 1536K, 100% used [0x00000000eab00000,0x00000000eac80000,0x00000000eac80000)
  from space 512K, 100% used [0x00000000ead80000,0x00000000eae00000,0x00000000eae00000)
  to   space 1024K, 0% used [0x00000000eac80000,0x00000000eac80000,0x00000000ead80000)
 ParOldGen       total 601600K, used 381849K [0x00000000c0000000, 0x00000000e4b80000, 0x00000000eab00000)
  object space 601600K, 63% used [0x00000000c0000000,0x00000000d74e6548,0x00000000e4b80000)
 Metaspace       used 78527K, committed 80128K, reserved 1179648K
  class space    used 7776K, committed 8512K, reserved 1048576K
}
Event: 130,018 GC heap after
{Heap after GC invocations=797 (full 4):
 PSYoungGen      total 2560K, used 640K [0x00000000eab00000, 0x00000000eae80000, 0x0000000100000000)
  eden space 1536K, 0% used [0x00000000eab00000,0x00000000eab00000,0x00000000eac80000)
  from space 1024K, 62% used [0x00000000eac80000,0x00000000ead20000,0x00000000ead80000)
  to   space 1024K, 0% used [0x00000000ead80000,0x00000000ead80000,0x00000000eae80000)
 ParOldGen       total 601600K, used 382345K [0x00000000c0000000, 0x00000000e4b80000, 0x00000000eab00000)
  object space 601600K, 63% used [0x00000000c0000000,0x00000000d7562718,0x00000000e4b80000)
 Metaspace       used 78527K, committed 80128K, reserved 1179648K
  class space    used 7776K, committed 8512K, reserved 1048576K
}
Event: 130,025 GC heap before
{Heap before GC invocations=798 (full 4):
 PSYoungGen      total 2560K, used 2176K [0x00000000eab00000, 0x00000000eae80000, 0x0000000100000000)
  eden space 1536K, 100% used [0x00000000eab00000,0x00000000eac80000,0x00000000eac80000)
  from space 1024K, 62% used [0x00000000eac80000,0x00000000ead20000,0x00000000ead80000)
  to   space 1024K, 0% used [0x00000000ead80000,0x00000000ead80000,0x00000000eae80000)
 ParOldGen       total 601600K, used 382345K [0x00000000c0000000, 0x00000000e4b80000, 0x00000000eab00000)
  object space 601600K, 63% used [0x00000000c0000000,0x00000000d7562718,0x00000000e4b80000)
 Metaspace       used 78527K, committed 80128K, reserved 1179648K
  class space    used 7776K, committed 8512K, reserved 1048576K
}
Event: 130,028 GC heap after
{Heap after GC invocations=798 (full 4):
 PSYoungGen      total 2560K, used 598K [0x00000000eab00000, 0x00000000eae80000, 0x0000000100000000)
  eden space 1536K, 0% used [0x00000000eab00000,0x00000000eab00000,0x00000000eac80000)
  from space 1024K, 58% used [0x00000000ead80000,0x00000000eae15b28,0x00000000eae80000)
  to   space 1024K, 0% used [0x00000000eac80000,0x00000000eac80000,0x00000000ead80000)
 ParOldGen       total 601600K, used 382853K [0x00000000c0000000, 0x00000000e4b80000, 0x00000000eab00000)
  object space 601600K, 63% used [0x00000000c0000000,0x00000000d75e1728,0x00000000e4b80000)
 Metaspace       used 78527K, committed 80128K, reserved 1179648K
  class space    used 7776K, committed 8512K, reserved 1048576K
}
Event: 130,192 GC heap before
{Heap before GC invocations=799 (full 4):
 PSYoungGen      total 2560K, used 2134K [0x00000000eab00000, 0x00000000eae80000, 0x0000000100000000)
  eden space 1536K, 100% used [0x00000000eab00000,0x00000000eac80000,0x00000000eac80000)
  from space 1024K, 58% used [0x00000000ead80000,0x00000000eae15b28,0x00000000eae80000)
  to   space 1024K, 0% used [0x00000000eac80000,0x00000000eac80000,0x00000000ead80000)
 ParOldGen       total 601600K, used 382853K [0x00000000c0000000, 0x00000000e4b80000, 0x00000000eab00000)
  object space 601600K, 63% used [0x00000000c0000000,0x00000000d75e1728,0x00000000e4b80000)
 Metaspace       used 78528K, committed 80128K, reserved 1179648K
  class space    used 7776K, committed 8512K, reserved 1048576K
}
Event: 130,194 GC heap after
{Heap after GC invocations=799 (full 4):
 PSYoungGen      total 2560K, used 288K [0x00000000eab00000, 0x00000000eae00000, 0x0000000100000000)
  eden space 1536K, 0% used [0x00000000eab00000,0x00000000eab00000,0x00000000eac80000)
  from space 1024K, 28% used [0x00000000eac80000,0x00000000eacc8020,0x00000000ead80000)
  to   space 512K, 0% used [0x00000000ead80000,0x00000000ead80000,0x00000000eae00000)
 ParOldGen       total 601600K, used 383256K [0x00000000c0000000, 0x00000000e4b80000, 0x00000000eab00000)
  object space 601600K, 63% used [0x00000000c0000000,0x00000000d76460c8,0x00000000e4b80000)
 Metaspace       used 78528K, committed 80128K, reserved 1179648K
  class space    used 7776K, committed 8512K, reserved 1048576K
}
Event: 130,199 GC heap before
{Heap before GC invocations=800 (full 4):
 PSYoungGen      total 2560K, used 1824K [0x00000000eab00000, 0x00000000eae00000, 0x0000000100000000)
  eden space 1536K, 100% used [0x00000000eab00000,0x00000000eac80000,0x00000000eac80000)
  from space 1024K, 28% used [0x00000000eac80000,0x00000000eacc8020,0x00000000ead80000)
  to   space 512K, 0% used [0x00000000ead80000,0x00000000ead80000,0x00000000eae00000)
 ParOldGen       total 601600K, used 383256K [0x00000000c0000000, 0x00000000e4b80000, 0x00000000eab00000)
  object space 601600K, 63% used [0x00000000c0000000,0x00000000d76460c8,0x00000000e4b80000)
 Metaspace       used 78528K, committed 80128K, reserved 1179648K
  class space    used 7776K, committed 8512K, reserved 1048576K
}
Event: 130,201 GC heap after
{Heap after GC invocations=800 (full 4):
 PSYoungGen      total 2048K, used 480K [0x00000000eab00000, 0x00000000eae80000, 0x0000000100000000)
  eden space 1536K, 0% used [0x00000000eab00000,0x00000000eab00000,0x00000000eac80000)
  from space 512K, 93% used [0x00000000ead80000,0x00000000eadf8020,0x00000000eae00000)
  to   space 1024K, 0% used [0x00000000eac80000,0x00000000eac80000,0x00000000ead80000)
 ParOldGen       total 601600K, used 383383K [0x00000000c0000000, 0x00000000e4b80000, 0x00000000eab00000)
  object space 601600K, 63% used [0x00000000c0000000,0x00000000d7665c00,0x00000000e4b80000)
 Metaspace       used 78528K, committed 80128K, reserved 1179648K
  class space    used 7776K, committed 8512K, reserved 1048576K
}
Event: 130,212 GC heap before
{Heap before GC invocations=801 (full 4):
 PSYoungGen      total 2048K, used 2016K [0x00000000eab00000, 0x00000000eae80000, 0x0000000100000000)
  eden space 1536K, 100% used [0x00000000eab00000,0x00000000eac80000,0x00000000eac80000)
  from space 512K, 93% used [0x00000000ead80000,0x00000000eadf8020,0x00000000eae00000)
  to   space 1024K, 0% used [0x00000000eac80000,0x00000000eac80000,0x00000000ead80000)
 ParOldGen       total 601600K, used 383383K [0x00000000c0000000, 0x00000000e4b80000, 0x00000000eab00000)
  object space 601600K, 63% used [0x00000000c0000000,0x00000000d7665c00,0x00000000e4b80000)
 Metaspace       used 78528K, committed 80128K, reserved 1179648K
  class space    used 7776K, committed 8512K, reserved 1048576K
}
Event: 130,214 GC heap after
{Heap after GC invocations=801 (full 4):
 PSYoungGen      total 2560K, used 688K [0x00000000eab00000, 0x00000000eae80000, 0x0000000100000000)
  eden space 1536K, 0% used [0x00000000eab00000,0x00000000eab00000,0x00000000eac80000)
  from space 1024K, 67% used [0x00000000eac80000,0x00000000ead2c1b0,0x00000000ead80000)
  to   space 1024K, 0% used [0x00000000ead80000,0x00000000ead80000,0x00000000eae80000)
 ParOldGen       total 601600K, used 383861K [0x00000000c0000000, 0x00000000e4b80000, 0x00000000eab00000)
  object space 601600K, 63% used [0x00000000c0000000,0x00000000d76dd660,0x00000000e4b80000)
 Metaspace       used 78528K, committed 80128K, reserved 1179648K
  class space    used 7776K, committed 8512K, reserved 1048576K
}
Event: 130,225 GC heap before
{Heap before GC invocations=802 (full 4):
 PSYoungGen      total 2560K, used 2224K [0x00000000eab00000, 0x00000000eae80000, 0x0000000100000000)
  eden space 1536K, 100% used [0x00000000eab00000,0x00000000eac80000,0x00000000eac80000)
  from space 1024K, 67% used [0x00000000eac80000,0x00000000ead2c1b0,0x00000000ead80000)
  to   space 1024K, 0% used [0x00000000ead80000,0x00000000ead80000,0x00000000eae80000)
 ParOldGen       total 601600K, used 383861K [0x00000000c0000000, 0x00000000e4b80000, 0x00000000eab00000)
  object space 601600K, 63% used [0x00000000c0000000,0x00000000d76dd660,0x00000000e4b80000)
 Metaspace       used 78531K, committed 80128K, reserved 1179648K
  class space    used 7776K, committed 8512K, reserved 1048576K
}
Event: 130,227 GC heap after
{Heap after GC invocations=802 (full 4):
 PSYoungGen      total 2560K, used 608K [0x00000000eab00000, 0x00000000eae80000, 0x0000000100000000)
  eden space 1536K, 0% used [0x00000000eab00000,0x00000000eab00000,0x00000000eac80000)
  from space 1024K, 59% used [0x00000000ead80000,0x00000000eae18000,0x00000000eae80000)
  to   space 1024K, 0% used [0x00000000eac80000,0x00000000eac80000,0x00000000ead80000)
 ParOldGen       total 601600K, used 384466K [0x00000000c0000000, 0x00000000e4b80000, 0x00000000eab00000)
  object space 601600K, 63% used [0x00000000c0000000,0x00000000d7774820,0x00000000e4b80000)
 Metaspace       used 78531K, committed 80128K, reserved 1179648K
  class space    used 7776K, committed 8512K, reserved 1048576K
}

